[06:38:50] Spec512 v1.1 done — best_val_loss=0.5107. Serializing...
[06:38:50] Spec512 v1.1 done — best_val_loss=0.5107. Serializing...
Wrote dist/model_spec512_v1.1_8bit.bin (28,536,832 bytes / 27.2 MB)
Wrote dist/model_spec512_v1.1_8bit.json
Arch: vocab=258 d=512 L=8 ctx=1024
8-bit weights: 48 tensors quantized (embeddings/head/norms/biases remain fp32)
Wrote dist/model_spec512_v1.1_8bit.bin (28,536,832 bytes / 27.2 MB)
Wrote dist/model_spec512_v1.1_8bit.json
Arch: vocab=258 d=512 L=8 ctx=1024
8-bit weights: 48 tensors quantized (embeddings/head/norms/biases remain fp32)
Wrote dist/model_spec512_v1.1_fp32.bin (104,034,304 bytes / 99.2 MB)
Wrote dist/model_spec512_v1.1_fp32.json
Arch: vocab=258 d=512 L=8 ctx=1024
Wrote dist/model_spec512_v1.1_fp32.bin (104,034,304 bytes / 99.2 MB)
Wrote dist/model_spec512_v1.1_fp32.json
Arch: vocab=258 d=512 L=8 ctx=1024
Updated spec512-v1.1 in models.json (val_loss=0.5107)
[06:38:52] Done. Committing...
[06:38:52] Done. Committing...
[feature/modern-arch 62c0e14] Models: Spec512 v1.1 final (val_loss=0.5107) — 135K balanced multi-turn data
 7 files changed, 2378 insertions(+), 15 deletions(-)
 create mode 100644 dist/model_spec512_v1.1_8bit.bin
 create mode 100644 dist/model_spec512_v1.1_8bit.json
 create mode 100644 dist/model_spec512_v1.1_fp32.bin
 create mode 100644 dist/model_spec512_v1.1_fp32.json
 create mode 100644 logs/spec512_v2_status.json
 create mode 100644 logs/spec512_v2_train.log
remote: warning: See https://gh.io/lfs for more information.        
remote: warning: File dist/model_spec512_v1.1_fp32.bin is 99.21 MB; this is larger than GitHub's recommended maximum file size of 50.00 MB        
remote: warning: GH001: Large files detected. You may want to try Git Large File Storage - https://git-lfs.github.com.        
To github.com:alexwlsnr/ghost-in-the-machine.git
   6f11f67..62c0e14  feature/modern-arch -> feature/modern-arch
[06:41:11] All done.
[06:41:11] All done.
