  Diversify error for 'Write a short poem in the myst...': HTTP Error 429: Too Many Requests
  Diversify error for 'Write a short poem in the horr...': HTTP Error 429: Too Many Requests
  Diversify error for 'What are some unique customs i...': HTTP Error 429: Too Many Requests
  Diversify error for 'Suggest three books within the...': HTTP Error 429: Too Many Requests
  Diversify error for 'How does photosynthesis work?...': HTTP Error 429: Too Many Requests
  Diversify error for 'Describe the culture of China....': HTTP Error 429: Too Many Requests
  Diversify error for 'Describe a typical day for som...': HTTP Error 429: Too Many Requests
  Diversify error for 'Describe a typical day for som...': HTTP Error 429: Too Many Requests
  Diversify error for 'Suggest a good movie in the th...': HTTP Error 429: Too Many Requests
  Diversify error for 'Suggest a good movie in the ac...': HTTP Error 429: Too Many Requests
  Diversify error for 'What are some interesting fact...': HTTP Error 429: Too Many Requests
  Diversify error for 'Give me ideas for a {theme} pa...': HTTP Error 429: Too Many Requests
  Diversify error for 'What are the most popular feel...': HTTP Error 429: Too Many Requests
  Diversify error for 'What are the hidden cultural t...': HTTP Error 429: Too Many Requests
  Diversify error for 'What are the hidden cultural t...': HTTP Error 429: Too Many Requests
  Diversify error for 'How can I learn a new skill li...': HTTP Error 429: Too Many Requests
  Diversify error for 'Can you give me simple steps t...': HTTP Error 429: Too Many Requests
  Diversify error for 'Can you give me simple steps t...': HTTP Error 429: Too Many Requests
  Diversify error for 'Recommend a light and funny he...': HTTP Error 429: Too Many Requests
  Diversify error for 'Give me some advice on meditat...': HTTP Error 429: Too Many Requests
  Diversify error for 'Give me some advice on sunsets...': HTTP Error 429: Too Many Requests
  Diversify error for 'What if drawer could suddenly ...': HTTP Error 429: Too Many Requests
  Diversify error for 'Can you explain the concept of...': HTTP Error 429: Too Many Requests
  Diversify error for 'Can you explain the concept of...': HTTP Error 429: Too Many Requests
  Diversify error for 'What are some good movies in t...': HTTP Error 429: Too Many Requests
  Diversify error for 'What's your opinion on road tr...': HTTP Error 429: Too Many Requests
  Diversify error for 'What's your opinion on islands...': HTTP Error 429: Too Many Requests
  Diversify error for 'Recommend a great book in the ...': HTTP Error 429: Too Many Requests
  Diversify error for 'What's the most beautiful view...': HTTP Error 429: Too Many Requests
  Diversify error for 'What's the most beautiful view...': HTTP Error 429: Too Many Requests
  Diversify error for 'Give me a short story featurin...': HTTP Error 429: Too Many Requests
  Diversify error for 'What's a good book recommendat...': HTTP Error 429: Too Many Requests
  Diversify error for 'What's a good book recommendat...': HTTP Error 429: Too Many Requests
  Diversify error for 'What's a good book recommendat...': HTTP Error 429: Too Many Requests
  Diversify error for 'Can you explain the basics of ...': HTTP Error 429: Too Many Requests
  Diversify error for 'How can I learn to adjust fast...': HTTP Error 429: Too Many Requests
  Diversify error for 'How can I learn to fix faster?...': HTTP Error 429: Too Many Requests
  Diversify error for 'What are the best places to vi...': HTTP Error 429: Too Many Requests
  Diversify error for 'Tell me a short poem about the...': HTTP Error 429: Too Many Requests
  Diversify error for 'Who was the most influential b...': HTTP Error 429: Too Many Requests
  Diversify error for 'Who was the most influential l...': HTTP Error 429: Too Many Requests
  Diversify error for 'Recommend a good book for a wi...': HTTP Error 429: Too Many Requests
  Diversify error for 'Recommend a good book for a ch...': HTTP Error 429: Too Many Requests
  Diversify error for 'What traditions do people have...': HTTP Error 429: Too Many Requests
  Diversify error for 'What traditions do people have...': HTTP Error 429: Too Many Requests
  Diversify error for 'Write a short story in the ind...': HTTP Error 429: Too Many Requests
  Diversify error for 'How would someone store a sent...': HTTP Error 429: Too Many Requests
  Diversify error for 'What is the most eccentric ins...': HTTP Error 429: Too Many Requests
  Diversify error for 'What is the most eccentric gif...': HTTP Error 429: Too Many Requests
  Diversify error for 'How do different cultures meas...': HTTP Error 429: Too Many Requests
  Diversify error for 'How do different cultures trai...': HTTP Error 429: Too Many Requests
  Diversify error for 'How can I improve my public sp...': HTTP Error 429: Too Many Requests
  Diversify error for 'How can I improve my public sp...': HTTP Error 429: Too Many Requests
  Diversify error for 'How can I improve my public sp...': HTTP Error 429: Too Many Requests
  Diversify error for 'Describe a historical event th...': HTTP Error 429: Too Many Requests
  Diversify error for 'Describe a historical event th...': HTTP Error 429: Too Many Requests
  Diversify error for 'Write a short story about a ch...': HTTP Error 429: Too Many Requests
  Diversify error for 'Write a short story about a ch...': HTTP Error 429: Too Many Requests
  Diversify error for 'Write a short story about a ch...': HTTP Error 429: Too Many Requests
  Diversify error for 'Plan a weekend trip to Ethiopi...': HTTP Error 429: Too Many Requests
  Diversify error for 'Plan a weekend trip to Tanzani...': HTTP Error 429: Too Many Requests
  Diversify error for 'Suggest a fun activity for a f...': HTTP Error 429: Too Many Requests
  Diversify error for 'Suggest a fun activity for a f...': HTTP Error 429: Too Many Requests
  Diversify error for 'Suggest a fun activity for a f...': HTTP Error 429: Too Many Requests
  Diversify error for 'Describe a perfect day in Denm...': HTTP Error 429: Too Many Requests
  Diversify error for 'Describe a perfect day in Sene...': HTTP Error 429: Too Many Requests
  Diversify error for 'Give me tips for vintage thing...': HTTP Error 429: Too Many Requests
  Diversify error for 'Give me tips for travel....': HTTP Error 429: Too Many Requests
  Diversify error for 'How can I cook better my skill...': HTTP Error 429: Too Many Requests
  Diversify error for 'Create a whimsical poem about ...': HTTP Error 429: Too Many Requests
  Diversify error for 'Create a whimsical poem about ...': HTTP Error 429: Too Many Requests
  Diversify error for 'Recommend a book in the musica...': HTTP Error 429: Too Many Requests
  Diversify error for 'Recommend a book in the heartw...': HTTP Error 429: Too Many Requests
  Diversify error for 'Recommend a book in the classi...': HTTP Error 429: Too Many Requests
  Diversify error for 'What's the best way to celebra...': HTTP Error 429: Too Many Requests
  Diversify error for 'Tell me a short story about a ...': HTTP Error 429: Too Many Requests
  Diversify error for 'What are the best recipes for ...': HTTP Error 429: Too Many Requests
  Diversify error for 'Describe the ultimate fantasy ...': HTTP Error 429: Too Many Requests
  Diversify error for 'Describe a perfect day in a {s...': HTTP Error 429: Too Many Requests
  Diversify error for 'How do I start learning {langu...': HTTP Error 429: Too Many Requests
  Diversify error for 'What are the best ways to plan...': HTTP Error 429: Too Many Requests
  Diversify error for 'What are the cultural differen...': HTTP Error 429: Too Many Requests
Phase 1: Template seed bank
  Loaded 213 templates from data/templates.txt
Phase 2: Template expansion via teacher
  Expanding 213 templates → target ~2130
  Batch 2: got 11 templates
  Batch 6: got 9 templates
  Batch 3: got 8 templates
  Batch 7: got 11 templates
  Batch 8: got 11 templates
  Batch 5: got 11 templates
  Batch 4: got 11 templates
  Batch 1: got 12 templates
  Batch 11: got 10 templates
  Batch 9: got 9 templates
  Batch 10: got 11 templates
  Batch 14: got 11 templates
  Batch 13: got 11 templates
  Batch 15: got 10 templates
  Batch 16: got 8 templates
  Batch 12: got 12 templates
  Batch 18: got 11 templates
  Batch 17: got 11 templates
  Batch 19: got 10 templates
  Batch 20: got 9 templates
  Batch 22: got 11 templates
  Batch 21: got 11 templates
  Batch 23: got 12 templates
  Batch 24: got 11 templates
  Batch 25: got 11 templates
  Batch 26: got 11 templates
  Batch 29: got 9 templates
  Batch 30: got 10 templates
  Batch 27: got 11 templates
  Batch 28: got 9 templates
  Batch 31: got 10 templates
  Batch 32: got 9 templates
  Batch 33: got 9 templates
  Batch 35: got 9 templates
  Batch 34: got 10 templates
  Batch 36: got 11 templates
  Batch 37: got 9 templates
  Batch 39: got 11 templates
  Batch 38: got 12 templates
  Batch 40: got 8 templates
  Batch 42: got 9 templates
  Batch 41: got 12 templates
  Batch 43: got 9 templates
  Batch 45: got 10 templates
  Batch 44: got 11 templates
  Batch 47: got 9 templates
  Batch 46: got 10 templates
  Batch 48: got 11 templates
  Batch 51: got 10 templates
  Batch 49: got 11 templates
  Batch 50: got 11 templates
  Batch 54: got 8 templates
  Batch 52: got 9 templates
  Batch 55: got 11 templates
  Batch 53: got 13 templates
  Batch 56: got 9 templates
  Batch 57: got 9 templates
  Batch 59: got 11 templates
  Batch 58: got 10 templates
  Batch 61: got 8 templates
  Batch 60: got 11 templates
  Batch 64: got 8 templates
  Batch 63: got 13 templates
  Batch 62: got 11 templates
  Batch 65: got 11 templates
  Batch 66: got 10 templates
  Batch 68: got 9 templates
  Batch 67: got 9 templates
  Batch 69: got 10 templates
  Batch 71: got 9 templates
  Batch 70: got 13 templates
  Batch 72: got 13 templates
  Batch 73: got 10 templates
  Batch 75: got 10 templates
  Batch 74: got 12 templates
  Batch 76: got 12 templates
  Batch 77: got 11 templates
  Batch 78: got 11 templates
  Batch 79: got 9 templates
  Batch 80: got 9 templates
  Batch 81: got 12 templates
  Batch 84: got 8 templates
  Batch 82: got 11 templates
  Batch 83: got 10 templates
  Batch 85: got 8 templates
  Batch 86: got 9 templates
  Batch 87: got 10 templates
  Batch 88: got 11 templates
  Batch 89: got 9 templates
  Batch 90: got 9 templates
  Batch 92: got 12 templates
  Batch 91: got 13 templates
  Batch 93: got 10 templates
  Batch 94: got 10 templates
  Batch 96: got 8 templates
  Batch 95: got 8 templates
  Batch 98: got 8 templates
  Batch 97: got 10 templates
  Batch 99: got 10 templates
  Batch 100: got 10 templates
  Batch 101: got 10 templates
  Batch 102: got 10 templates
  Batch 103: got 11 templates
  Batch 104: got 13 templates
  Batch 106: got 9 templates
  Batch 105: got 10 templates
  Batch 108: got 12 templates
  Batch 107: got 13 templates
  Batch 109: got 11 templates
  Batch 112: got 10 templates
  Batch 110: got 12 templates
  Batch 111: got 8 templates
  Batch 113: got 8 templates
  Batch 114: got 9 templates
  Batch 117: got 10 templates
  Batch 115: got 11 templates
  Batch 119: got 9 templates
  Batch 116: got 12 templates
  Batch 118: got 12 templates
  Batch 120: got 10 templates
  Batch 121: got 10 templates
  Batch 122: got 8 templates
  Batch 124: got 10 templates
  Batch 123: got 12 templates
  Batch 126: got 9 templates
  Batch 125: got 10 templates
  Batch 127: got 10 templates
  Expanded to 1351 templates (deduplicated)
Phase 3: Slot filling
  Generated 4867 unique filled prompts from 1351 templates
Phase 4: Diversity pass
  Diversified 100/4867 prompts → 5364 total
  Diversified 200/4867 prompts → 5864 total
  Diversified 300/4867 prompts → 6364 total
  Diversified 400/4867 prompts → 6864 total
  Diversified 500/4867 prompts → 7364 total
  Diversified 600/4867 prompts → 7863 total
  Diversified 700/4867 prompts → 8363 total
  Diversified 800/4867 prompts → 8862 total
  Diversified 900/4867 prompts → 9362 total
  Diversified 1000/4867 prompts → 9861 total
  Diversified 1100/4867 prompts → 10361 total
  Diversified 1200/4867 prompts → 10860 total
  Diversified 1300/4867 prompts → 11360 total
  Diversified 1400/4867 prompts → 11859 total
  Diversified 1500/4867 prompts → 12357 total
  Diversified 1600/4867 prompts → 12856 total
  Diversified 1700/4867 prompts → 13356 total
  Diversified 1800/4867 prompts → 13856 total
  Diversified 1900/4867 prompts → 14354 total
  Diversified 2000/4867 prompts → 14854 total
  Diversified 2100/4867 prompts → 15352 total
  Diversified 2200/4867 prompts → 15852 total
  Diversified 2300/4867 prompts → 16351 total
  Diversified 2400/4867 prompts → 16847 total
  Diversified 2500/4867 prompts → 17347 total
  Diversified 2600/4867 prompts → 17847 total
  Diversified 2700/4867 prompts → 18347 total
  Diversified 2800/4867 prompts → 18847 total
  Diversified 2900/4867 prompts → 19344 total
  Diversified 3000/4867 prompts → 19841 total
  Diversified 3100/4867 prompts → 20341 total
  Diversified 3200/4867 prompts → 20839 total
  Diversified 3300/4867 prompts → 21336 total
  Diversified 3400/4867 prompts → 21834 total
  Diversified 3500/4867 prompts → 22334 total
  Diversified 3600/4867 prompts → 22834 total
  Diversified 3700/4867 prompts → 23334 total
  Diversified 3800/4867 prompts → 23831 total
  Diversified 3900/4867 prompts → 24329 total
  Diversified 4000/4867 prompts → 24829 total
  Diversified 4100/4867 prompts → 25329 total
  Diversified 4200/4867 prompts → 25827 total
  Diversified 4300/4867 prompts → 26326 total
  Diversified 4400/4867 prompts → 26784 total
  Diversified 4500/4867 prompts → 27218 total
  Diversified 4600/4867 prompts → 27646 total
  Diversified 4700/4867 prompts → 28066 total
  Diversified 4800/4867 prompts → 28463 total
  Diversity pass complete: 28743 prompts (avg yield 4.9 per call, 4867 calls)
Phase 5: Response generation
  0 pairs already done; 28743 prompts remaining
  200/28743 (21 valid pairs, 179 filtered/errors)
  400/28743 (120 valid pairs, 280 filtered/errors)
  600/28743 (208 valid pairs, 392 filtered/errors)
  800/28743 (306 valid pairs, 494 filtered/errors)
  1000/28743 (416 valid pairs, 584 filtered/errors)
  1200/28743 (520 valid pairs, 680 filtered/errors)
  1400/28743 (617 valid pairs, 783 filtered/errors)
  1600/28743 (712 valid pairs, 888 filtered/errors)
  1800/28743 (813 valid pairs, 987 filtered/errors)
  2000/28743 (919 valid pairs, 1081 filtered/errors)
  2200/28743 (1002 valid pairs, 1198 filtered/errors)
  2400/28743 (1095 valid pairs, 1305 filtered/errors)
  2600/28743 (1196 valid pairs, 1404 filtered/errors)
  2800/28743 (1298 valid pairs, 1502 filtered/errors)
  3000/28743 (1391 valid pairs, 1609 filtered/errors)
  3200/28743 (1487 valid pairs, 1713 filtered/errors)
  3400/28743 (1596 valid pairs, 1804 filtered/errors)
  3600/28743 (1700 valid pairs, 1900 filtered/errors)
  3800/28743 (1803 valid pairs, 1997 filtered/errors)
  4000/28743 (1891 valid pairs, 2109 filtered/errors)
  4200/28743 (1986 valid pairs, 2214 filtered/errors)
  4400/28743 (2092 valid pairs, 2308 filtered/errors)
  4600/28743 (2187 valid pairs, 2413 filtered/errors)
  4800/28743 (2276 valid pairs, 2524 filtered/errors)
  5000/28743 (2396 valid pairs, 2604 filtered/errors)
  5200/28743 (2517 valid pairs, 2683 filtered/errors)
  5400/28743 (2656 valid pairs, 2744 filtered/errors)
  5600/28743 (2779 valid pairs, 2821 filtered/errors)
  5800/28743 (2888 valid pairs, 2912 filtered/errors)
  6000/28743 (2971 valid pairs, 3029 filtered/errors)
  6200/28743 (3082 valid pairs, 3118 filtered/errors)
  6400/28743 (3182 valid pairs, 3218 filtered/errors)
  6600/28743 (3290 valid pairs, 3310 filtered/errors)
  6800/28743 (3398 valid pairs, 3402 filtered/errors)
  7000/28743 (3484 valid pairs, 3516 filtered/errors)
  7200/28743 (3574 valid pairs, 3626 filtered/errors)
  7400/28743 (3663 valid pairs, 3737 filtered/errors)
  7600/28743 (3795 valid pairs, 3805 filtered/errors)
  7800/28743 (3890 valid pairs, 3910 filtered/errors)
  8000/28743 (3977 valid pairs, 4023 filtered/errors)
  8200/28743 (4070 valid pairs, 4130 filtered/errors)
  8400/28743 (4164 valid pairs, 4236 filtered/errors)
  8600/28743 (4259 valid pairs, 4341 filtered/errors)
  8800/28743 (4355 valid pairs, 4445 filtered/errors)
  9000/28743 (4454 valid pairs, 4546 filtered/errors)
  9200/28743 (4550 valid pairs, 4650 filtered/errors)
  9400/28743 (4639 valid pairs, 4761 filtered/errors)
  9600/28743 (4730 valid pairs, 4870 filtered/errors)
  9800/28743 (4827 valid pairs, 4973 filtered/errors)
  10000/28743 (4917 valid pairs, 5083 filtered/errors)
  10200/28743 (5015 valid pairs, 5185 filtered/errors)
  10400/28743 (5097 valid pairs, 5303 filtered/errors)
  10600/28743 (5165 valid pairs, 5435 filtered/errors)
  10800/28743 (5259 valid pairs, 5541 filtered/errors)
  11000/28743 (5377 valid pairs, 5623 filtered/errors)
  11200/28743 (5489 valid pairs, 5711 filtered/errors)
  11400/28743 (5565 valid pairs, 5835 filtered/errors)
  11600/28743 (5656 valid pairs, 5944 filtered/errors)
  11800/28743 (5758 valid pairs, 6042 filtered/errors)
  12000/28743 (5840 valid pairs, 6160 filtered/errors)
  12200/28743 (5931 valid pairs, 6269 filtered/errors)
  12400/28743 (6019 valid pairs, 6381 filtered/errors)
  12600/28743 (6119 valid pairs, 6481 filtered/errors)
  12800/28743 (6214 valid pairs, 6586 filtered/errors)
  13000/28743 (6309 valid pairs, 6691 filtered/errors)
  13200/28743 (6415 valid pairs, 6785 filtered/errors)
  13400/28743 (6514 valid pairs, 6886 filtered/errors)
  13600/28743 (6611 valid pairs, 6989 filtered/errors)
  13800/28743 (6714 valid pairs, 7086 filtered/errors)
  14000/28743 (6800 valid pairs, 7200 filtered/errors)
  14200/28743 (6891 valid pairs, 7309 filtered/errors)
  14400/28743 (6974 valid pairs, 7426 filtered/errors)
  14600/28743 (7070 valid pairs, 7530 filtered/errors)
  14800/28743 (7186 valid pairs, 7614 filtered/errors)
  15000/28743 (7284 valid pairs, 7716 filtered/errors)
  15200/28743 (7365 valid pairs, 7835 filtered/errors)
  15400/28743 (7460 valid pairs, 7940 filtered/errors)
  15600/28743 (7560 valid pairs, 8040 filtered/errors)
  15800/28743 (7657 valid pairs, 8143 filtered/errors)
  16000/28743 (7747 valid pairs, 8253 filtered/errors)
  16200/28743 (7843 valid pairs, 8357 filtered/errors)
  16400/28743 (7955 valid pairs, 8445 filtered/errors)
  16600/28743 (8043 valid pairs, 8557 filtered/errors)
  16800/28743 (8144 valid pairs, 8656 filtered/errors)
  17000/28743 (8237 valid pairs, 8763 filtered/errors)
  17200/28743 (8335 valid pairs, 8865 filtered/errors)
  17400/28743 (8434 valid pairs, 8966 filtered/errors)
  17600/28743 (8530 valid pairs, 9070 filtered/errors)
  17800/28743 (8635 valid pairs, 9165 filtered/errors)
  18000/28743 (8719 valid pairs, 9281 filtered/errors)
  18200/28743 (8812 valid pairs, 9388 filtered/errors)
  18400/28743 (8902 valid pairs, 9498 filtered/errors)
  18600/28743 (8991 valid pairs, 9609 filtered/errors)
  18800/28743 (9089 valid pairs, 9711 filtered/errors)
  19000/28743 (9190 valid pairs, 9810 filtered/errors)
  19200/28743 (9285 valid pairs, 9915 filtered/errors)
  19400/28743 (9374 valid pairs, 10026 filtered/errors)
  19600/28743 (9474 valid pairs, 10126 filtered/errors)
  19800/28743 (9575 valid pairs, 10225 filtered/errors)
  20000/28743 (9665 valid pairs, 10335 filtered/errors)
  20200/28743 (9745 valid pairs, 10455 filtered/errors)
  20400/28743 (9848 valid pairs, 10552 filtered/errors)
  20600/28743 (9943 valid pairs, 10657 filtered/errors)
  20800/28743 (10040 valid pairs, 10760 filtered/errors)
  21000/28743 (10135 valid pairs, 10865 filtered/errors)
  21200/28743 (10248 valid pairs, 10952 filtered/errors)
  21400/28743 (10348 valid pairs, 11052 filtered/errors)
  21600/28743 (10445 valid pairs, 11155 filtered/errors)
  21800/28743 (10538 valid pairs, 11262 filtered/errors)
  22000/28743 (10638 valid pairs, 11362 filtered/errors)
  22200/28743 (10728 valid pairs, 11472 filtered/errors)
  22400/28743 (10831 valid pairs, 11569 filtered/errors)
  22600/28743 (10923 valid pairs, 11677 filtered/errors)
  22800/28743 (11013 valid pairs, 11787 filtered/errors)
  23000/28743 (11108 valid pairs, 11892 filtered/errors)
  23200/28743 (11185 valid pairs, 12015 filtered/errors)
  23400/28743 (11279 valid pairs, 12121 filtered/errors)
  23600/28743 (11373 valid pairs, 12227 filtered/errors)
  23800/28743 (11476 valid pairs, 12324 filtered/errors)
  24000/28743 (11571 valid pairs, 12429 filtered/errors)
  24200/28743 (11663 valid pairs, 12537 filtered/errors)
  24400/28743 (11762 valid pairs, 12638 filtered/errors)
  24600/28743 (11856 valid pairs, 12744 filtered/errors)
  24800/28743 (11944 valid pairs, 12856 filtered/errors)
  25000/28743 (12049 valid pairs, 12951 filtered/errors)
  25200/28743 (12128 valid pairs, 13072 filtered/errors)
  25400/28743 (12223 valid pairs, 13177 filtered/errors)
  25600/28743 (12300 valid pairs, 13300 filtered/errors)
  25800/28743 (12409 valid pairs, 13391 filtered/errors)
  26000/28743 (12506 valid pairs, 13494 filtered/errors)
  26200/28743 (12608 valid pairs, 13592 filtered/errors)
  26400/28743 (12701 valid pairs, 13699 filtered/errors)
  26600/28743 (12804 valid pairs, 13796 filtered/errors)
  26800/28743 (12911 valid pairs, 13889 filtered/errors)
  27000/28743 (13010 valid pairs, 13990 filtered/errors)
  27200/28743 (13087 valid pairs, 14113 filtered/errors)
  27400/28743 (13186 valid pairs, 14214 filtered/errors)
  27600/28743 (13286 valid pairs, 14314 filtered/errors)
  27800/28743 (13385 valid pairs, 14415 filtered/errors)
  28000/28743 (13499 valid pairs, 14501 filtered/errors)
  28200/28743 (13591 valid pairs, 14609 filtered/errors)
  28400/28743 (13694 valid pairs, 14706 filtered/errors)
  28600/28743 (13783 valid pairs, 14817 filtered/errors)
  28743/28743 (13849 valid pairs, 14894 filtered/errors)
  Response generation done: 13849 valid pairs, 14894 dropped

Writing 13849 pairs to data/shade_train_v2.txt...
Done! 13849 training pairs written.

Next: python3 feedme.py --file data/shade_train_v2.txt --epochs 40

Pipeline complete.
